<?xml version="1.0" encoding="UTF-8"?>
<robot generator="Robot 3.0.4 (Python 3.7.0 on darwin)" generated="20181029 11:52:48.052">
<suite id="s1" name="Chapter" source="/Users/zs/GitRepositpry/Code/TestRobot/TestCase/Case/InterfaceTest/ChapterPractice/chapter.robot">
<test id="s1-t1" name="TestCase-002">
<kw name="change_type" library="BasicFunction">
<doc>修改考试类型</doc>
<arguments>
<arg>2</arg>
</arguments>
<kw name="Get Params" library="SqlDjango">
<arguments>
<arg>${caseid}</arg>
<arg>change_type</arg>
</arguments>
<assign>
<var>${userid}</var>
<var>${subjecttype}</var>
</assign>
<msg timestamp="20181029 11:52:48.203" level="INFO">${userid} = 1</msg>
<msg timestamp="20181029 11:52:48.204" level="INFO">${subjecttype} = 自考,公共课（本）,中国近现代史纲要</msg>
<status status="PASS" starttime="20181029 11:52:48.189" endtime="20181029 11:52:48.204"></status>
</kw>
<kw name="Should Be True" library="BuiltIn">
<doc>Fails if the given condition is not true.</doc>
<arguments>
<arg>${False}</arg>
<arg>代码还没有实现</arg>
</arguments>
<msg timestamp="20181029 11:52:48.204" level="FAIL">代码还没有实现</msg>
<status status="FAIL" starttime="20181029 11:52:48.204" endtime="20181029 11:52:48.204"></status>
</kw>
<status status="FAIL" starttime="20181029 11:52:48.188" endtime="20181029 11:52:48.205"></status>
</kw>
<doc>章节练习</doc>
<tags>
<tag>chapter</tag>
<tag>ChapterPractice</tag>
<tag>InterfaceTest</tag>
<tag>Run</tag>
</tags>
<status status="FAIL" starttime="20181029 11:52:48.187" endtime="20181029 11:52:48.205" critical="yes">代码还没有实现</status>
</test>
<doc>章节练习</doc>
<status status="FAIL" starttime="20181029 11:52:48.054" endtime="20181029 11:52:48.205"></status>
</suite>
<statistics>
<total>
<stat pass="0" fail="1">Critical Tests</stat>
<stat pass="0" fail="1">All Tests</stat>
</total>
<tag>
<stat pass="0" fail="1">chapter</stat>
<stat pass="0" fail="1">ChapterPractice</stat>
<stat pass="0" fail="1">InterfaceTest</stat>
<stat pass="0" fail="1">Run</stat>
</tag>
<suite>
<stat pass="0" fail="1" id="s1" name="Chapter">Chapter</stat>
</suite>
</statistics>
<errors>
<msg timestamp="20181029 11:52:48.085" level="WARN">Imported resource file '/Users/zs/GitRepositpry/Code/TestRobot/TestCase/Common/Request.robot' is empty.</msg>
</errors>
</robot>
