<?xml version="1.0" encoding="UTF-8"?>
<robot generator="Robot 3.0.4 (Python 3.7.0 on darwin)" generated="20181029 12:00:04.362">
<suite id="s1" name="Case" source="/Users/zs/GitRepositpry/Code/TestRobot/TestCase/Case">
<suite id="s1-s1" name="InterfaceTest" source="/Users/zs/GitRepositpry/Code/TestRobot/TestCase/Case/InterfaceTest">
<suite id="s1-s1-s1" name="BasicFunction" source="/Users/zs/GitRepositpry/Code/TestRobot/TestCase/Case/InterfaceTest/BasicFunction">
<suite id="s1-s1-s1-s1" name="Basic" source="/Users/zs/GitRepositpry/Code/TestRobot/TestCase/Case/InterfaceTest/BasicFunction/basic.robot">
<test id="s1-s1-s1-s1-t1" name="TestCase-001">
<kw name="change_type" library="BasicFunction">
<doc>修改考试类型</doc>
<arguments>
<arg>1</arg>
</arguments>
<kw name="Get Params" library="SqlDjango">
<arguments>
<arg>${caseid}</arg>
<arg>change_type</arg>
</arguments>
<assign>
<var>${userid}</var>
<var>${subjecttype}</var>
</assign>
<msg timestamp="20181029 12:00:04.515" level="INFO">${userid} = 1</msg>
<msg timestamp="20181029 12:00:04.516" level="INFO">${subjecttype} = 自考,公共课（本）,中国近现代史纲要</msg>
<status status="PASS" starttime="20181029 12:00:04.504" endtime="20181029 12:00:04.516"></status>
</kw>
<kw name="Should Be True" library="BuiltIn">
<doc>Fails if the given condition is not true.</doc>
<arguments>
<arg>${False}</arg>
<arg>代码还没有实现</arg>
</arguments>
<msg timestamp="20181029 12:00:04.516" level="FAIL">代码还没有实现</msg>
<status status="FAIL" starttime="20181029 12:00:04.516" endtime="20181029 12:00:04.516"></status>
</kw>
<status status="FAIL" starttime="20181029 12:00:04.504" endtime="20181029 12:00:04.516"></status>
</kw>
<doc>修改考试类型，科目类型</doc>
<tags>
<tag>basic</tag>
<tag>BasicFunction</tag>
<tag>InterfaceTest</tag>
<tag>Run</tag>
</tags>
<status status="FAIL" starttime="20181029 12:00:04.503" endtime="20181029 12:00:04.516" critical="yes">代码还没有实现</status>
</test>
<doc>修改考试类型功能</doc>
<status status="FAIL" starttime="20181029 12:00:04.394" endtime="20181029 12:00:04.517"></status>
</suite>
<status status="FAIL" starttime="20181029 12:00:04.391" endtime="20181029 12:00:04.518"></status>
</suite>
<suite id="s1-s1-s2" name="ChapterPractice" source="/Users/zs/GitRepositpry/Code/TestRobot/TestCase/Case/InterfaceTest/ChapterPractice">
<suite id="s1-s1-s2-s1" name="Chapter" source="/Users/zs/GitRepositpry/Code/TestRobot/TestCase/Case/InterfaceTest/ChapterPractice/chapter.robot">
<test id="s1-s1-s2-s1-t1" name="TestCase-003">
<doc>青豆中心</doc>
<tags>
<tag>chapter</tag>
<tag>ChapterPractice</tag>
<tag>InterfaceTest</tag>
<tag>Run</tag>
</tags>
<status status="FAIL" starttime="20181029 12:00:04.525" endtime="20181029 12:00:04.526" critical="yes">Test case contains no keywords.</status>
</test>
<test id="s1-s1-s2-s1-t2" name="TestCase-002">
<kw name="change_type" library="BasicFunction">
<doc>修改考试类型</doc>
<arguments>
<arg>2</arg>
</arguments>
<kw name="Get Params" library="SqlDjango">
<arguments>
<arg>${caseid}</arg>
<arg>change_type</arg>
</arguments>
<assign>
<var>${userid}</var>
<var>${subjecttype}</var>
</assign>
<msg timestamp="20181029 12:00:04.537" level="INFO">${userid} = 1</msg>
<msg timestamp="20181029 12:00:04.537" level="INFO">${subjecttype} = 自考,公共课（本）,中国近现代史纲要</msg>
<status status="PASS" starttime="20181029 12:00:04.527" endtime="20181029 12:00:04.537"></status>
</kw>
<kw name="Should Be True" library="BuiltIn">
<doc>Fails if the given condition is not true.</doc>
<arguments>
<arg>${False}</arg>
<arg>代码还没有实现</arg>
</arguments>
<msg timestamp="20181029 12:00:04.537" level="FAIL">代码还没有实现</msg>
<status status="FAIL" starttime="20181029 12:00:04.537" endtime="20181029 12:00:04.537"></status>
</kw>
<status status="FAIL" starttime="20181029 12:00:04.527" endtime="20181029 12:00:04.537"></status>
</kw>
<doc>章节练习</doc>
<tags>
<tag>chapter</tag>
<tag>ChapterPractice</tag>
<tag>InterfaceTest</tag>
<tag>Run</tag>
</tags>
<status status="FAIL" starttime="20181029 12:00:04.526" endtime="20181029 12:00:04.538" critical="yes">代码还没有实现</status>
</test>
<doc>章节练习</doc>
<status status="FAIL" starttime="20181029 12:00:04.520" endtime="20181029 12:00:04.538"></status>
</suite>
<status status="FAIL" starttime="20181029 12:00:04.519" endtime="20181029 12:00:04.539"></status>
</suite>
<status status="FAIL" starttime="20181029 12:00:04.390" endtime="20181029 12:00:04.540"></status>
</suite>
<status status="FAIL" starttime="20181029 12:00:04.364" endtime="20181029 12:00:04.540"></status>
</suite>
<statistics>
<total>
<stat pass="0" fail="3">Critical Tests</stat>
<stat pass="0" fail="3">All Tests</stat>
</total>
<tag>
<stat pass="0" fail="1">basic</stat>
<stat pass="0" fail="1">BasicFunction</stat>
<stat pass="0" fail="2">chapter</stat>
<stat pass="0" fail="2">ChapterPractice</stat>
<stat pass="0" fail="3">InterfaceTest</stat>
<stat pass="0" fail="3">Run</stat>
</tag>
<suite>
<stat pass="0" fail="3" id="s1" name="Case">Case</stat>
<stat pass="0" fail="3" id="s1-s1" name="InterfaceTest">Case.InterfaceTest</stat>
<stat pass="0" fail="1" id="s1-s1-s1" name="BasicFunction">Case.InterfaceTest.BasicFunction</stat>
<stat pass="0" fail="1" id="s1-s1-s1-s1" name="Basic">Case.InterfaceTest.BasicFunction.Basic</stat>
<stat pass="0" fail="2" id="s1-s1-s2" name="ChapterPractice">Case.InterfaceTest.ChapterPractice</stat>
<stat pass="0" fail="2" id="s1-s1-s2-s1" name="Chapter">Case.InterfaceTest.ChapterPractice.Chapter</stat>
</suite>
</statistics>
<errors>
<msg timestamp="20181029 12:00:04.396" level="WARN">Imported resource file '/Users/zs/GitRepositpry/Code/TestRobot/TestCase/Common/Request.robot' is empty.</msg>
</errors>
</robot>
