<?xml version="1.0" encoding="UTF-8"?>
<robot generator="Robot 3.0.4 (Python 3.7.0 on darwin)" generated="20181030 11:03:03.130">
<suite id="s1" name="Case" source="/Users/zs/GitRepositpry/Code/TestRobot/TestCase/Case">
<suite id="s1-s1" name="InterfaceTest" source="/Users/zs/GitRepositpry/Code/TestRobot/TestCase/Case/InterfaceTest">
<suite id="s1-s1-s1" name="BasicFunction" source="/Users/zs/GitRepositpry/Code/TestRobot/TestCase/Case/InterfaceTest/BasicFunction">
<suite id="s1-s1-s1-s1" name="Basic" source="/Users/zs/GitRepositpry/Code/TestRobot/TestCase/Case/InterfaceTest/BasicFunction/basic.robot">
<test id="s1-s1-s1-s1-t1" name="TestCase-001">
<kw name="change_type" library="BasicFunction">
<doc>修改考试类型</doc>
<arguments>
<arg>1</arg>
</arguments>
<kw name="Get Paramvalues" library="SqlDjango">
<arguments>
<arg>${caseid}</arg>
<arg>change_type</arg>
</arguments>
<assign>
<var>${userid}</var>
<var>${subjecttype}</var>
</assign>
<msg timestamp="20181030 11:03:03.359" level="INFO">${userid} = 1</msg>
<msg timestamp="20181030 11:03:03.359" level="INFO">${subjecttype} = 自考,公共课（本）,中国近现代史纲要</msg>
<status status="PASS" starttime="20181030 11:03:03.341" endtime="20181030 11:03:03.359"></status>
</kw>
<kw name="Get Subject Id From Subjecttype" library="SqlQing">
<doc>根据科目类型中文名称获取数据库对应的id</doc>
<arguments>
<arg>${subjecttype}</arg>
</arguments>
<assign>
<var>${parentId}</var>
<var>${examtypeId}</var>
<var>${subjectId}</var>
</assign>
<msg timestamp="20181030 11:03:04.918" level="INFO">${parentId} = 1</msg>
<msg timestamp="20181030 11:03:04.918" level="INFO">${examtypeId} = 3</msg>
<msg timestamp="20181030 11:03:04.918" level="INFO">${subjectId} = 17</msg>
<status status="PASS" starttime="20181030 11:03:03.359" endtime="20181030 11:03:04.918"></status>
</kw>
<kw name="Create Dictionary" library="BuiltIn">
<doc>Creates and returns a dictionary based on the given ``items``.</doc>
<arguments>
<arg>subjectId=${subjectId}</arg>
</arguments>
<assign>
<var>${params}</var>
</assign>
<msg timestamp="20181030 11:03:04.920" level="INFO">${params} = {'subjectId': 17}</msg>
<status status="PASS" starttime="20181030 11:03:04.919" endtime="20181030 11:03:04.920"></status>
</kw>
<kw name="Get Response" library="LibRequest">
<arguments>
<arg>${userid}</arg>
<arg>put</arg>
<arg>/users/subjects</arg>
<arg>params=${params}</arg>
</arguments>
<assign>
<var>${code}</var>
<var>${resp}</var>
</assign>
<msg timestamp="20181030 11:03:05.448" level="INFO">Headers =  {'Authorization': 'eyJhbGciOiJIUzUxMiJ9.eyJhIjpudWxsLCJzIjoibzJFSVYwY2gwcVN4MDFVa0RHemZwUUdnRVprcyIsImMiOjE1NDA4MDQ4NDAxNDMsImUiOjE1NDIxMDA4NDAxNDMsImkiOjEzMDM5NX0.Mq8oEmjygQeUnRpQuBCS8RXvY_RNH51SReP7uNNVpugMtbvv8edcaJKUp47ejZfYFYwyQ8kBzCu4df6AFloqAQ', 'ReqChannel': 'MASTER'}
Params =  {'subjectId': 17}
URL =  https://exam.nb01.info/api/v1/users/subjects?subjectId=17
Resp =  true</msg>
<msg timestamp="20181030 11:03:05.448" level="INFO">/usr/local/lib/python3.7/site-packages/urllib3/connectionpool.py:857: InsecureRequestWarning: Unverified HTTPS request is being made. Adding certificate verification is strongly advised. See: https://urllib3.readthedocs.io/en/latest/advanced-usage.html#ssl-warnings
  InsecureRequestWarning)</msg>
<msg timestamp="20181030 11:03:05.448" level="INFO">${code} = 200</msg>
<msg timestamp="20181030 11:03:05.448" level="INFO">${resp} = True</msg>
<status status="PASS" starttime="20181030 11:03:04.920" endtime="20181030 11:03:05.448"></status>
</kw>
<kw name="Should Be Equal As Strings" library="BuiltIn">
<doc>Fails if objects are unequal after converting them to strings.</doc>
<arguments>
<arg>${code}</arg>
<arg>200</arg>
</arguments>
<msg timestamp="20181030 11:03:05.449" level="INFO">Argument types are:
&lt;class 'int'&gt;
&lt;type 'unicode'&gt;</msg>
<status status="PASS" starttime="20181030 11:03:05.449" endtime="20181030 11:03:05.449"></status>
</kw>
<kw name="get_current_typeId" library="BasicFunction">
<arguments>
<arg>${userid}</arg>
</arguments>
<assign>
<var>${curexamId}</var>
<var>${cursubjectId}</var>
</assign>
<kw name="Create Dictionary" library="BuiltIn">
<doc>Creates and returns a dictionary based on the given ``items``.</doc>
<arguments>
<arg>lat=${EMPTY}</arg>
<arg>lon=${EMPTY}</arg>
</arguments>
<assign>
<var>${params}</var>
</assign>
<msg timestamp="20181030 11:03:05.450" level="INFO">${params} = {'lat': '', 'lon': ''}</msg>
<status status="PASS" starttime="20181030 11:03:05.449" endtime="20181030 11:03:05.450"></status>
</kw>
<kw name="Get Response" library="LibRequest">
<arguments>
<arg>${userid}</arg>
<arg>get</arg>
<arg>/users/me</arg>
<arg>${params}</arg>
</arguments>
<assign>
<var>${code}</var>
<var>${resp}</var>
</assign>
<msg timestamp="20181030 11:03:05.707" level="INFO">Headers =  {'Authorization': 'eyJhbGciOiJIUzUxMiJ9.eyJhIjpudWxsLCJzIjoibzJFSVYwY2gwcVN4MDFVa0RHemZwUUdnRVprcyIsImMiOjE1NDA4MDQ4NDAxNDMsImUiOjE1NDIxMDA4NDAxNDMsImkiOjEzMDM5NX0.Mq8oEmjygQeUnRpQuBCS8RXvY_RNH51SReP7uNNVpugMtbvv8edcaJKUp47ejZfYFYwyQ8kBzCu4df6AFloqAQ', 'ReqChannel': 'MASTER'}
Params =  {'lat': '', 'lon': ''}
URL =  https://exam.nb01.info/api/v1/users/me?lat=&amp;lon=
Resp =  {"userIntegral":81,"currentSubjectId":17,"headImageUrl":"https://wx.qlogo.cn/mmopen/vi_32/Q0j4TwGTfTITN57H46ByKcNpJUn962oP9OY3MVVwWEomEPdxVAfPEdxyTmUCDNcrefIhm8zmEWYfIt4cZr6IZQ/132","nickName":"赵爽","examType":"公共课（本）","maxIntegral":150,"percent":54,"selfExam":true,"examTypeId":3,"levelNum":1,"weekAnswerCorrectRate":0.0,"currentSubject":"中国近现代史纲要","weekAnswerCorrect":0,"coinSum":1539,"weekAnswerSum":0,"location":null,"categories":"自考","examTimeInfo":{"examDate":null,"examType":"NOTHING","intervalDays":null}}</msg>
<msg timestamp="20181030 11:03:05.708" level="INFO">/usr/local/lib/python3.7/site-packages/urllib3/connectionpool.py:857: InsecureRequestWarning: Unverified HTTPS request is being made. Adding certificate verification is strongly advised. See: https://urllib3.readthedocs.io/en/latest/advanced-usage.html#ssl-warnings
  InsecureRequestWarning)</msg>
<msg timestamp="20181030 11:03:05.708" level="INFO">${code} = 200</msg>
<msg timestamp="20181030 11:03:05.709" level="INFO">${resp} = {'userIntegral': 81, 'currentSubjectId': 17, 'headImageUrl': 'https://wx.qlogo.cn/mmopen/vi_32/Q0j4TwGTfTITN57H46ByKcNpJUn962oP9OY3MVVwWEomEPdxVAfPEdxyTmUCDNcrefIhm8zmEWYfIt4cZr6IZQ/132', 'nickName': ...</msg>
<status status="PASS" starttime="20181030 11:03:05.450" endtime="20181030 11:03:05.710"></status>
</kw>
<kw name="Should Be Equal As Strings" library="BuiltIn">
<doc>Fails if objects are unequal after converting them to strings.</doc>
<arguments>
<arg>${code}</arg>
<arg>200</arg>
</arguments>
<msg timestamp="20181030 11:03:05.710" level="INFO">Argument types are:
&lt;class 'int'&gt;
&lt;type 'unicode'&gt;</msg>
<status status="PASS" starttime="20181030 11:03:05.710" endtime="20181030 11:03:05.710"></status>
</kw>
<kw name="Get From Dictionary" library="Collections">
<doc>Returns a value from the given ``dictionary`` based on the given ``key``.</doc>
<arguments>
<arg>${resp}</arg>
<arg>examTypeId</arg>
</arguments>
<assign>
<var>${curexamId}</var>
</assign>
<msg timestamp="20181030 11:03:05.710" level="INFO">${curexamId} = 3</msg>
<status status="PASS" starttime="20181030 11:03:05.710" endtime="20181030 11:03:05.710"></status>
</kw>
<kw name="Get From Dictionary" library="Collections">
<doc>Returns a value from the given ``dictionary`` based on the given ``key``.</doc>
<arguments>
<arg>${resp}</arg>
<arg>currentSubjectId</arg>
</arguments>
<assign>
<var>${cursubjectId}</var>
</assign>
<msg timestamp="20181030 11:03:05.711" level="INFO">${cursubjectId} = 17</msg>
<status status="PASS" starttime="20181030 11:03:05.711" endtime="20181030 11:03:05.711"></status>
</kw>
<msg timestamp="20181030 11:03:05.711" level="INFO">${curexamId} = 3</msg>
<msg timestamp="20181030 11:03:05.711" level="INFO">${cursubjectId} = 17</msg>
<status status="PASS" starttime="20181030 11:03:05.449" endtime="20181030 11:03:05.711"></status>
</kw>
<kw name="Should Be Equal As Strings" library="BuiltIn">
<doc>Fails if objects are unequal after converting them to strings.</doc>
<arguments>
<arg>${cursubjectId}</arg>
<arg>${subjectId}</arg>
</arguments>
<status status="PASS" starttime="20181030 11:03:05.711" endtime="20181030 11:03:05.712"></status>
</kw>
<status status="PASS" starttime="20181030 11:03:03.340" endtime="20181030 11:03:05.712"></status>
</kw>
<doc>修改考试类型，科目类型</doc>
<tags>
<tag>basic</tag>
<tag>BasicFunction</tag>
<tag>InterfaceTest</tag>
<tag>Run</tag>
</tags>
<status status="PASS" starttime="20181030 11:03:03.339" endtime="20181030 11:03:05.712" critical="yes"></status>
</test>
<doc>修改考试类型功能</doc>
<status status="PASS" starttime="20181030 11:03:03.164" endtime="20181030 11:03:05.712"></status>
</suite>
<status status="PASS" starttime="20181030 11:03:03.162" endtime="20181030 11:03:05.715"></status>
</suite>
<suite id="s1-s1-s2" name="ChapterPractice" source="/Users/zs/GitRepositpry/Code/TestRobot/TestCase/Case/InterfaceTest/ChapterPractice">
<suite id="s1-s1-s2-s1" name="Chapter" source="/Users/zs/GitRepositpry/Code/TestRobot/TestCase/Case/InterfaceTest/ChapterPractice/chapter.robot">
<test id="s1-s1-s2-s1-t1" name="TestCase-003">
<doc>青豆中心</doc>
<tags>
<tag>chapter</tag>
<tag>ChapterPractice</tag>
<tag>InterfaceTest</tag>
<tag>Run</tag>
</tags>
<status status="FAIL" starttime="20181030 11:03:05.724" endtime="20181030 11:03:05.725" critical="yes">Test case contains no keywords.</status>
</test>
<test id="s1-s1-s2-s1-t2" name="TestCase-002">
<kw name="change_type" library="BasicFunction">
<doc>修改考试类型</doc>
<arguments>
<arg>2</arg>
</arguments>
<kw name="Get Paramvalues" library="SqlDjango">
<arguments>
<arg>${caseid}</arg>
<arg>change_type</arg>
</arguments>
<assign>
<var>${userid}</var>
<var>${subjecttype}</var>
</assign>
<msg timestamp="20181030 11:03:05.736" level="INFO">${userid} = 1</msg>
<msg timestamp="20181030 11:03:05.736" level="INFO">${subjecttype} = 自考,公共课（本）,中国近现代史纲要</msg>
<status status="PASS" starttime="20181030 11:03:05.726" endtime="20181030 11:03:05.736"></status>
</kw>
<kw name="Get Subject Id From Subjecttype" library="SqlQing">
<doc>根据科目类型中文名称获取数据库对应的id</doc>
<arguments>
<arg>${subjecttype}</arg>
</arguments>
<assign>
<var>${parentId}</var>
<var>${examtypeId}</var>
<var>${subjectId}</var>
</assign>
<msg timestamp="20181030 11:03:06.205" level="INFO">${parentId} = 1</msg>
<msg timestamp="20181030 11:03:06.205" level="INFO">${examtypeId} = 3</msg>
<msg timestamp="20181030 11:03:06.206" level="INFO">${subjectId} = 17</msg>
<status status="PASS" starttime="20181030 11:03:05.737" endtime="20181030 11:03:06.206"></status>
</kw>
<kw name="Create Dictionary" library="BuiltIn">
<doc>Creates and returns a dictionary based on the given ``items``.</doc>
<arguments>
<arg>subjectId=${subjectId}</arg>
</arguments>
<assign>
<var>${params}</var>
</assign>
<msg timestamp="20181030 11:03:06.207" level="INFO">${params} = {'subjectId': 17}</msg>
<status status="PASS" starttime="20181030 11:03:06.206" endtime="20181030 11:03:06.207"></status>
</kw>
<kw name="Get Response" library="LibRequest">
<arguments>
<arg>${userid}</arg>
<arg>put</arg>
<arg>/users/subjects</arg>
<arg>params=${params}</arg>
</arguments>
<assign>
<var>${code}</var>
<var>${resp}</var>
</assign>
<msg timestamp="20181030 11:03:06.325" level="INFO">Headers =  {'Authorization': 'eyJhbGciOiJIUzUxMiJ9.eyJhIjpudWxsLCJzIjoibzJFSVYwY2gwcVN4MDFVa0RHemZwUUdnRVprcyIsImMiOjE1NDA4MDQ4NDAxNDMsImUiOjE1NDIxMDA4NDAxNDMsImkiOjEzMDM5NX0.Mq8oEmjygQeUnRpQuBCS8RXvY_RNH51SReP7uNNVpugMtbvv8edcaJKUp47ejZfYFYwyQ8kBzCu4df6AFloqAQ', 'ReqChannel': 'MASTER'}
Params =  {'subjectId': 17}
URL =  https://exam.nb01.info/api/v1/users/subjects?subjectId=17
Resp =  true</msg>
<msg timestamp="20181030 11:03:06.325" level="INFO">/usr/local/lib/python3.7/site-packages/urllib3/connectionpool.py:857: InsecureRequestWarning: Unverified HTTPS request is being made. Adding certificate verification is strongly advised. See: https://urllib3.readthedocs.io/en/latest/advanced-usage.html#ssl-warnings
  InsecureRequestWarning)</msg>
<msg timestamp="20181030 11:03:06.325" level="INFO">${code} = 200</msg>
<msg timestamp="20181030 11:03:06.325" level="INFO">${resp} = True</msg>
<status status="PASS" starttime="20181030 11:03:06.207" endtime="20181030 11:03:06.325"></status>
</kw>
<kw name="Should Be Equal As Strings" library="BuiltIn">
<doc>Fails if objects are unequal after converting them to strings.</doc>
<arguments>
<arg>${code}</arg>
<arg>200</arg>
</arguments>
<msg timestamp="20181030 11:03:06.326" level="INFO">Argument types are:
&lt;class 'int'&gt;
&lt;type 'unicode'&gt;</msg>
<status status="PASS" starttime="20181030 11:03:06.325" endtime="20181030 11:03:06.326"></status>
</kw>
<kw name="get_current_typeId" library="BasicFunction">
<arguments>
<arg>${userid}</arg>
</arguments>
<assign>
<var>${curexamId}</var>
<var>${cursubjectId}</var>
</assign>
<kw name="Create Dictionary" library="BuiltIn">
<doc>Creates and returns a dictionary based on the given ``items``.</doc>
<arguments>
<arg>lat=${EMPTY}</arg>
<arg>lon=${EMPTY}</arg>
</arguments>
<assign>
<var>${params}</var>
</assign>
<msg timestamp="20181030 11:03:06.327" level="INFO">${params} = {'lat': '', 'lon': ''}</msg>
<status status="PASS" starttime="20181030 11:03:06.326" endtime="20181030 11:03:06.327"></status>
</kw>
<kw name="Get Response" library="LibRequest">
<arguments>
<arg>${userid}</arg>
<arg>get</arg>
<arg>/users/me</arg>
<arg>${params}</arg>
</arguments>
<assign>
<var>${code}</var>
<var>${resp}</var>
</assign>
<msg timestamp="20181030 11:03:06.449" level="INFO">Headers =  {'Authorization': 'eyJhbGciOiJIUzUxMiJ9.eyJhIjpudWxsLCJzIjoibzJFSVYwY2gwcVN4MDFVa0RHemZwUUdnRVprcyIsImMiOjE1NDA4MDQ4NDAxNDMsImUiOjE1NDIxMDA4NDAxNDMsImkiOjEzMDM5NX0.Mq8oEmjygQeUnRpQuBCS8RXvY_RNH51SReP7uNNVpugMtbvv8edcaJKUp47ejZfYFYwyQ8kBzCu4df6AFloqAQ', 'ReqChannel': 'MASTER'}
Params =  {'lat': '', 'lon': ''}
URL =  https://exam.nb01.info/api/v1/users/me?lat=&amp;lon=
Resp =  {"userIntegral":81,"currentSubjectId":17,"headImageUrl":"https://wx.qlogo.cn/mmopen/vi_32/Q0j4TwGTfTITN57H46ByKcNpJUn962oP9OY3MVVwWEomEPdxVAfPEdxyTmUCDNcrefIhm8zmEWYfIt4cZr6IZQ/132","nickName":"赵爽","examType":"公共课（本）","maxIntegral":150,"percent":54,"selfExam":true,"examTypeId":3,"levelNum":1,"weekAnswerCorrectRate":0.0,"currentSubject":"中国近现代史纲要","weekAnswerCorrect":0,"coinSum":1539,"weekAnswerSum":0,"location":null,"categories":"自考","examTimeInfo":{"examDate":null,"examType":"NOTHING","intervalDays":null}}</msg>
<msg timestamp="20181030 11:03:06.449" level="INFO">/usr/local/lib/python3.7/site-packages/urllib3/connectionpool.py:857: InsecureRequestWarning: Unverified HTTPS request is being made. Adding certificate verification is strongly advised. See: https://urllib3.readthedocs.io/en/latest/advanced-usage.html#ssl-warnings
  InsecureRequestWarning)</msg>
<msg timestamp="20181030 11:03:06.449" level="INFO">${code} = 200</msg>
<msg timestamp="20181030 11:03:06.449" level="INFO">${resp} = {'userIntegral': 81, 'currentSubjectId': 17, 'headImageUrl': 'https://wx.qlogo.cn/mmopen/vi_32/Q0j4TwGTfTITN57H46ByKcNpJUn962oP9OY3MVVwWEomEPdxVAfPEdxyTmUCDNcrefIhm8zmEWYfIt4cZr6IZQ/132', 'nickName': ...</msg>
<status status="PASS" starttime="20181030 11:03:06.327" endtime="20181030 11:03:06.449"></status>
</kw>
<kw name="Should Be Equal As Strings" library="BuiltIn">
<doc>Fails if objects are unequal after converting them to strings.</doc>
<arguments>
<arg>${code}</arg>
<arg>200</arg>
</arguments>
<msg timestamp="20181030 11:03:06.450" level="INFO">Argument types are:
&lt;class 'int'&gt;
&lt;type 'unicode'&gt;</msg>
<status status="PASS" starttime="20181030 11:03:06.449" endtime="20181030 11:03:06.450"></status>
</kw>
<kw name="Get From Dictionary" library="Collections">
<doc>Returns a value from the given ``dictionary`` based on the given ``key``.</doc>
<arguments>
<arg>${resp}</arg>
<arg>examTypeId</arg>
</arguments>
<assign>
<var>${curexamId}</var>
</assign>
<msg timestamp="20181030 11:03:06.450" level="INFO">${curexamId} = 3</msg>
<status status="PASS" starttime="20181030 11:03:06.450" endtime="20181030 11:03:06.450"></status>
</kw>
<kw name="Get From Dictionary" library="Collections">
<doc>Returns a value from the given ``dictionary`` based on the given ``key``.</doc>
<arguments>
<arg>${resp}</arg>
<arg>currentSubjectId</arg>
</arguments>
<assign>
<var>${cursubjectId}</var>
</assign>
<msg timestamp="20181030 11:03:06.451" level="INFO">${cursubjectId} = 17</msg>
<status status="PASS" starttime="20181030 11:03:06.450" endtime="20181030 11:03:06.451"></status>
</kw>
<msg timestamp="20181030 11:03:06.451" level="INFO">${curexamId} = 3</msg>
<msg timestamp="20181030 11:03:06.451" level="INFO">${cursubjectId} = 17</msg>
<status status="PASS" starttime="20181030 11:03:06.326" endtime="20181030 11:03:06.451"></status>
</kw>
<kw name="Should Be Equal As Strings" library="BuiltIn">
<doc>Fails if objects are unequal after converting them to strings.</doc>
<arguments>
<arg>${cursubjectId}</arg>
<arg>${subjectId}</arg>
</arguments>
<status status="PASS" starttime="20181030 11:03:06.451" endtime="20181030 11:03:06.451"></status>
</kw>
<status status="PASS" starttime="20181030 11:03:05.726" endtime="20181030 11:03:06.451"></status>
</kw>
<kw name="chapter_answer" library="ChapterPractice">
<doc>章节答题</doc>
<arguments>
<arg>2</arg>
</arguments>
<kw name="Get Paramvalues" library="SqlDjango">
<arguments>
<arg>${caseid}</arg>
<arg>chapter_answer</arg>
</arguments>
<assign>
<var>${userid}</var>
<var>${answer}</var>
</assign>
<msg timestamp="20181030 11:03:06.463" level="INFO">${userid} = 1</msg>
<msg timestamp="20181030 11:03:06.463" level="INFO">${answer} = 1</msg>
<status status="PASS" starttime="20181030 11:03:06.452" endtime="20181030 11:03:06.463"></status>
</kw>
<kw name="Should Be True" library="BuiltIn">
<doc>Fails if the given condition is not true.</doc>
<arguments>
<arg>${False}</arg>
<arg>代码还没有实现</arg>
</arguments>
<msg timestamp="20181030 11:03:06.463" level="FAIL">代码还没有实现</msg>
<status status="FAIL" starttime="20181030 11:03:06.463" endtime="20181030 11:03:06.463"></status>
</kw>
<status status="FAIL" starttime="20181030 11:03:06.452" endtime="20181030 11:03:06.464"></status>
</kw>
<doc>章节练习</doc>
<tags>
<tag>chapter</tag>
<tag>ChapterPractice</tag>
<tag>InterfaceTest</tag>
<tag>Run</tag>
</tags>
<status status="FAIL" starttime="20181030 11:03:05.725" endtime="20181030 11:03:06.465" critical="yes">代码还没有实现</status>
</test>
<doc>章节练习</doc>
<status status="FAIL" starttime="20181030 11:03:05.718" endtime="20181030 11:03:06.465"></status>
</suite>
<status status="FAIL" starttime="20181030 11:03:05.716" endtime="20181030 11:03:06.466"></status>
</suite>
<status status="FAIL" starttime="20181030 11:03:03.160" endtime="20181030 11:03:06.468"></status>
</suite>
<status status="FAIL" starttime="20181030 11:03:03.131" endtime="20181030 11:03:06.469"></status>
</suite>
<statistics>
<total>
<stat pass="1" fail="2">Critical Tests</stat>
<stat pass="1" fail="2">All Tests</stat>
</total>
<tag>
<stat pass="1" fail="0">basic</stat>
<stat pass="1" fail="0">BasicFunction</stat>
<stat pass="0" fail="2">chapter</stat>
<stat pass="0" fail="2">ChapterPractice</stat>
<stat pass="1" fail="2">InterfaceTest</stat>
<stat pass="1" fail="2">Run</stat>
</tag>
<suite>
<stat pass="1" fail="2" id="s1" name="Case">Case</stat>
<stat pass="1" fail="2" id="s1-s1" name="InterfaceTest">Case.InterfaceTest</stat>
<stat pass="1" fail="0" id="s1-s1-s1" name="BasicFunction">Case.InterfaceTest.BasicFunction</stat>
<stat pass="1" fail="0" id="s1-s1-s1-s1" name="Basic">Case.InterfaceTest.BasicFunction.Basic</stat>
<stat pass="0" fail="2" id="s1-s1-s2" name="ChapterPractice">Case.InterfaceTest.ChapterPractice</stat>
<stat pass="0" fail="2" id="s1-s1-s2-s1" name="Chapter">Case.InterfaceTest.ChapterPractice.Chapter</stat>
</suite>
</statistics>
<errors>
</errors>
</robot>
