<?xml version="1.0" encoding="UTF-8"?>
<robot generator="Robot 3.0.4 (Python 3.7.0 on darwin)" generated="20181028 20:18:38.207">
<suite id="s1" name="Case" source="/Users/zs/GitRepositpry/Code/TestRobot/TestCase/Case">
<suite id="s1-s1" name="InterfaceTest" source="/Users/zs/GitRepositpry/Code/TestRobot/TestCase/Case/InterfaceTest">
<suite id="s1-s1-s1" name="BasicFunction" source="/Users/zs/GitRepositpry/Code/TestRobot/TestCase/Case/InterfaceTest/BasicFunction">
<suite id="s1-s1-s1-s1" name="Basic" source="/Users/zs/GitRepositpry/Code/TestRobot/TestCase/Case/InterfaceTest/BasicFunction/basic.robot">
<test id="s1-s1-s1-s1-t1" name="TestCase-001">
<kw name="change_type" library="BasicFunction">
<doc>修改考试类型</doc>
<arguments>
<arg>1</arg>
</arguments>
<kw name="Get Params" library="SqlDjango">
<arguments>
<arg>${caseid}</arg>
<arg>change_type</arg>
</arguments>
<assign>
<var>${userid}</var>
<var>${subjecttype}</var>
</assign>
<msg timestamp="20181028 20:18:38.412" level="INFO">${userid} = 自考,公共课（本）,中国近现代史纲要</msg>
<msg timestamp="20181028 20:18:38.412" level="INFO">${subjecttype} = 1</msg>
<status status="PASS" starttime="20181028 20:18:38.399" endtime="20181028 20:18:38.412"></status>
</kw>
<kw name="Should Be True" library="BuiltIn">
<doc>Fails if the given condition is not true.</doc>
<arguments>
<arg>${False}</arg>
<arg>代码还没有实现</arg>
</arguments>
<msg timestamp="20181028 20:18:38.412" level="FAIL">代码还没有实现</msg>
<status status="FAIL" starttime="20181028 20:18:38.412" endtime="20181028 20:18:38.412"></status>
</kw>
<status status="FAIL" starttime="20181028 20:18:38.398" endtime="20181028 20:18:38.413"></status>
</kw>
<doc>修改考试类型，科目类型</doc>
<tags>
<tag>basic</tag>
<tag>BasicFunction</tag>
<tag>InterfaceTest</tag>
<tag>Run</tag>
</tags>
<status status="FAIL" starttime="20181028 20:18:38.397" endtime="20181028 20:18:38.413" critical="yes">代码还没有实现</status>
</test>
<doc>修改考试类型功能</doc>
<status status="FAIL" starttime="20181028 20:18:38.239" endtime="20181028 20:18:38.413"></status>
</suite>
<status status="FAIL" starttime="20181028 20:18:38.236" endtime="20181028 20:18:38.415"></status>
</suite>
<suite id="s1-s1-s2" name="ChapterPractice" source="/Users/zs/GitRepositpry/Code/TestRobot/TestCase/Case/InterfaceTest/ChapterPractice">
<suite id="s1-s1-s2-s1" name="Chapter" source="/Users/zs/GitRepositpry/Code/TestRobot/TestCase/Case/InterfaceTest/ChapterPractice/chapter.robot">
<test id="s1-s1-s2-s1-t1" name="TestCase-002">
<kw name="change_type" library="BasicFunction">
<doc>修改考试类型</doc>
<arguments>
<arg>2</arg>
</arguments>
<kw name="Get Params" library="SqlDjango">
<arguments>
<arg>${caseid}</arg>
<arg>change_type</arg>
</arguments>
<assign>
<var>${userid}</var>
<var>${subjecttype}</var>
</assign>
<msg timestamp="20181028 20:18:38.436" level="INFO">${userid} = 自考,公共课（本）,中国近现代史纲要</msg>
<msg timestamp="20181028 20:18:38.436" level="INFO">${subjecttype} = 1</msg>
<status status="PASS" starttime="20181028 20:18:38.424" endtime="20181028 20:18:38.436"></status>
</kw>
<kw name="Should Be True" library="BuiltIn">
<doc>Fails if the given condition is not true.</doc>
<arguments>
<arg>${False}</arg>
<arg>代码还没有实现</arg>
</arguments>
<msg timestamp="20181028 20:18:38.436" level="FAIL">代码还没有实现</msg>
<status status="FAIL" starttime="20181028 20:18:38.436" endtime="20181028 20:18:38.436"></status>
</kw>
<status status="FAIL" starttime="20181028 20:18:38.424" endtime="20181028 20:18:38.436"></status>
</kw>
<doc>章节练习</doc>
<tags>
<tag>chapter</tag>
<tag>ChapterPractice</tag>
<tag>InterfaceTest</tag>
<tag>Run</tag>
</tags>
<status status="FAIL" starttime="20181028 20:18:38.423" endtime="20181028 20:18:38.437" critical="yes">代码还没有实现</status>
</test>
<doc>章节练习</doc>
<status status="FAIL" starttime="20181028 20:18:38.418" endtime="20181028 20:18:38.437"></status>
</suite>
<status status="FAIL" starttime="20181028 20:18:38.416" endtime="20181028 20:18:38.438"></status>
</suite>
<status status="FAIL" starttime="20181028 20:18:38.235" endtime="20181028 20:18:38.439"></status>
</suite>
<status status="FAIL" starttime="20181028 20:18:38.209" endtime="20181028 20:18:38.440"></status>
</suite>
<statistics>
<total>
<stat pass="0" fail="2">Critical Tests</stat>
<stat pass="0" fail="2">All Tests</stat>
</total>
<tag>
<stat pass="0" fail="1">basic</stat>
<stat pass="0" fail="1">BasicFunction</stat>
<stat pass="0" fail="1">chapter</stat>
<stat pass="0" fail="1">ChapterPractice</stat>
<stat pass="0" fail="2">InterfaceTest</stat>
<stat pass="0" fail="2">Run</stat>
</tag>
<suite>
<stat pass="0" fail="2" id="s1" name="Case">Case</stat>
<stat pass="0" fail="2" id="s1-s1" name="InterfaceTest">Case.InterfaceTest</stat>
<stat pass="0" fail="1" id="s1-s1-s1" name="BasicFunction">Case.InterfaceTest.BasicFunction</stat>
<stat pass="0" fail="1" id="s1-s1-s1-s1" name="Basic">Case.InterfaceTest.BasicFunction.Basic</stat>
<stat pass="0" fail="1" id="s1-s1-s2" name="ChapterPractice">Case.InterfaceTest.ChapterPractice</stat>
<stat pass="0" fail="1" id="s1-s1-s2-s1" name="Chapter">Case.InterfaceTest.ChapterPractice.Chapter</stat>
</suite>
</statistics>
<errors>
<msg timestamp="20181028 20:18:38.240" level="WARN">Imported resource file '/Users/zs/GitRepositpry/Code/TestRobot/TestCase/Common/Request.robot' is empty.</msg>
</errors>
</robot>
