<?xml version="1.0" encoding="UTF-8"?>
<robot generator="Robot 3.0.4 (Python 3.7.0 on darwin)" generated="20181028 20:39:11.363">
<suite id="s1" name="Basic" source="/Users/zs/GitRepositpry/Code/TestRobot/TestCase/Case/InterfaceTest/BasicFunction/basic.robot">
<test id="s1-t1" name="TestCase-001">
<kw name="change_type" library="BasicFunction">
<doc>修改考试类型</doc>
<arguments>
<arg>1</arg>
</arguments>
<kw name="Get Params" library="SqlDjango">
<arguments>
<arg>${caseid}</arg>
<arg>change_type</arg>
</arguments>
<assign>
<var>${userid}</var>
<var>${subjecttype}</var>
</assign>
<msg timestamp="20181028 20:39:11.565" level="INFO">${userid} = 1</msg>
<msg timestamp="20181028 20:39:11.565" level="INFO">${subjecttype} = 自考,公共课（本）,中国近现代史纲要</msg>
<status status="PASS" starttime="20181028 20:39:11.554" endtime="20181028 20:39:11.565"></status>
</kw>
<kw name="Should Be True" library="BuiltIn">
<doc>Fails if the given condition is not true.</doc>
<arguments>
<arg>${False}</arg>
<arg>代码还没有实现</arg>
</arguments>
<msg timestamp="20181028 20:39:11.566" level="FAIL">代码还没有实现</msg>
<status status="FAIL" starttime="20181028 20:39:11.565" endtime="20181028 20:39:11.566"></status>
</kw>
<status status="FAIL" starttime="20181028 20:39:11.553" endtime="20181028 20:39:11.566"></status>
</kw>
<doc>修改考试类型，科目类型</doc>
<tags>
<tag>basic</tag>
<tag>BasicFunction</tag>
<tag>InterfaceTest</tag>
<tag>Run</tag>
</tags>
<status status="FAIL" starttime="20181028 20:39:11.552" endtime="20181028 20:39:11.566" critical="yes">代码还没有实现</status>
</test>
<doc>修改考试类型功能</doc>
<status status="FAIL" starttime="20181028 20:39:11.366" endtime="20181028 20:39:11.566"></status>
</suite>
<statistics>
<total>
<stat pass="0" fail="1">Critical Tests</stat>
<stat pass="0" fail="1">All Tests</stat>
</total>
<tag>
<stat pass="0" fail="1">basic</stat>
<stat pass="0" fail="1">BasicFunction</stat>
<stat pass="0" fail="1">InterfaceTest</stat>
<stat pass="0" fail="1">Run</stat>
</tag>
<suite>
<stat pass="0" fail="1" id="s1" name="Basic">Basic</stat>
</suite>
</statistics>
<errors>
<msg timestamp="20181028 20:39:11.393" level="WARN">Imported resource file '/Users/zs/GitRepositpry/Code/TestRobot/TestCase/Common/Request.robot' is empty.</msg>
</errors>
</robot>
